#
# There is insufficient memory for the Java Runtime Environment to continue.
# Native memory allocation (mmap) failed to map 1073741824 bytes for G1 virtual space
# Possible reasons:
#   The system is out of physical RAM or swap space
#   The process is running with CompressedOops enabled, and the Java Heap may be blocking the growth of the native heap
# Possible solutions:
#   Reduce memory load on the system
#   Increase physical memory or swap space
#   Check if swap backing store is full
#   Decrease Java heap size (-Xmx/-Xms)
#   Decrease number of Java threads
#   Decrease Java thread stack sizes (-Xss)
#   Set larger code cache with -XX:ReservedCodeCacheSize=
#   JVM is running with Zero Based Compressed Oops mode in which the Java heap is
#     placed in the first 32GB address space. The Java Heap base address is the
#     maximum limit for the native heap growth. Please use -XX:HeapBaseMinAddress
#     to set the Java Heap base and to place the Java Heap above 32GB virtual address.
# This output file may be truncated or incomplete.
#
#  Out of Memory Error (os_windows.cpp:3551), pid=73428, tid=13200
#
# JRE version:  (17.0.15+9) (build )
# Java VM: Java HotSpot(TM) 64-Bit Server VM (17.0.15+9-LTS-241, mixed mode, emulated-client, sharing, tiered, compressed oops, compressed class ptrs, g1 gc, windows-amd64)
# No core dump will be written. Minidumps are not enabled by default on client versions of Windows
#

---------------  S U M M A R Y ------------

Command Line: -XX:TieredStopAtLevel=1 com.heritage.HeritageApplication

Host: Intel(R) Core(TM) i7-14700KF, 28 cores, 63G,  Windows 10 , 64 bit Build 19041 (10.0.19041.5915)
Time: Mon Jan 26 18:28:21 2026  Windows 10 , 64 bit Build 19041 (10.0.19041.5915) elapsed time: 0.008452 seconds (0d 0h 0m 0s)

---------------  T H R E A D  ---------------

Current thread (0x0000022c83d65a50):  JavaThread "Unknown thread" [_thread_in_vm, id=13200, stack(0x000000bfcfd00000,0x000000bfcfe00000)]

Stack: [0x000000bfcfd00000,0x000000bfcfe00000]
Native frames: (J=compiled Java code, j=interpreted, Vv=VM code, C=native code)
V  [jvm.dll+0x67a46a]
V  [jvm.dll+0x7da6ad]
V  [jvm.dll+0x7dbff3]
V  [jvm.dll+0x7dc663]
V  [jvm.dll+0x24523f]
V  [jvm.dll+0x677499]
V  [jvm.dll+0x66c122]
V  [jvm.dll+0x302156]
V  [jvm.dll+0x3096f6]
V  [jvm.dll+0x35a04e]
V  [jvm.dll+0x35a27f]
V  [jvm.dll+0x2d9228]
V  [jvm.dll+0x2da194]
V  [jvm.dll+0x7ace91]
V  [jvm.dll+0x3678b1]
V  [jvm.dll+0x78be69]
V  [jvm.dll+0x3ecc6e]
V  [jvm.dll+0x3ee8a1]
C  [jli.dll+0x5297]
C  [ucrtbase.dll+0x21bb2]
C  [KERNEL32.DLL+0x17374]
C  [ntdll.dll+0x4cc91]


---------------  P R O C E S S  ---------------

Threads class SMR info:
_java_thread_list=0x00007ffa56648a18, length=0, elements={
}

Java Threads: ( => current thread )

Other Threads:
  0x0000022c83e193a0 GCTaskThread "GC Thread#0" [stack: 0x000000bfcfe00000,0x000000bfcff00000] [id=80832]
  0x0000022c83d81aa0 ConcurrentGCThread "G1 Main Marker" [stack: 0x000000bfcff00000,0x000000bfd0000000] [id=46388]
  0x0000022c83e2aa30 ConcurrentGCThread "G1 Conc#0" [stack: 0x000000bfd0000000,0x000000bfd0100000] [id=69960]

[error occurred during error reporting (printing all threads), id 0xc0000005, EXCEPTION_ACCESS_VIOLATION (0xc0000005) at pc=0x00007ffa55e79d17]

VM state: not at safepoint (not fully initialized)

VM Mutex/Monitor currently owned by a thread:  ([mutex/lock_event])
[0x0000022c83d61470] Heap_lock - owner thread: 0x0000022c83d65a50

Heap address: 0x0000000402800000, size: 16344 MB, Compressed Oops mode: Zero based, Oop shift amount: 3

CDS archive(s) mapped at: [0x0000000000000000-0x0000000000000000-0x0000000000000000), size 0, SharedBaseAddress: 0x0000000800000000, ArchiveRelocationMode: 1.
Narrow klass base: 0x0000000000000000, Narrow klass shift: 0, Narrow klass range: 0x0

GC Precious Log:
<Empty>

Heap:
 garbage-first heap   total 0K, used 0K [0x0000000402800000, 0x0000000800000000)
  region size 8192K, 0 young (0K), 0 survivors (0K)

[error occurred during error reporting (printing heap information), id 0xc0000005, EXCEPTION_ACCESS_VIOLATION (0xc0000005) at pc=0x00007ffa56263c09]

GC Heap History (0 events):
No events

Deoptimization events (0 events):
No events

Classes unloaded (0 events):
No events

Classes redefined (0 events):
No events

Internal exceptions (0 events):
No events

VM Operations (0 events):
No events

Events (1 events):
Event: 0.005 Loaded shared library D:\JDK\bin\java.dll


Dynamic libraries:
0x00007ff7ae490000 - 0x00007ff7ae4a0000 	D:\JDK\bin\java.exe
0x00007ffb41110000 - 0x00007ffb41308000 	C:\Windows\SYSTEM32\ntdll.dll
0x00007ffb3fa90000 - 0x00007ffb3fb52000 	C:\Windows\System32\KERNEL32.DLL
0x00007ffb3ec90000 - 0x00007ffb3ef86000 	C:\Windows\System32\KERNELBASE.dll
0x00007ffb3f040000 - 0x00007ffb3f140000 	C:\Windows\System32\ucrtbase.dll
0x00007ffb1ca90000 - 0x00007ffb1caab000 	D:\JDK\bin\VCRUNTIME140.dll
0x00007ffb1d2f0000 - 0x00007ffb1d309000 	D:\JDK\bin\jli.dll
0x00007ffb3fe20000 - 0x00007ffb3fed1000 	C:\Windows\System32\ADVAPI32.dll
0x00007ffb40d40000 - 0x00007ffb40dde000 	C:\Windows\System32\msvcrt.dll
0x00007ffb40570000 - 0x00007ffb4060f000 	C:\Windows\System32\sechost.dll
0x00007ffb40380000 - 0x00007ffb404a0000 	C:\Windows\System32\RPCRT4.dll
0x00007ffb3ebc0000 - 0x00007ffb3ebe7000 	C:\Windows\System32\bcrypt.dll
0x00007ffb3fc80000 - 0x00007ffb3fe1d000 	C:\Windows\System32\USER32.dll
0x00007ffb3e9b0000 - 0x00007ffb3e9d2000 	C:\Windows\System32\win32u.dll
0x00007ffb40510000 - 0x00007ffb4053b000 	C:\Windows\System32\GDI32.dll
0x00007ffb30b80000 - 0x00007ffb30e1b000 	C:\Windows\WinSxS\amd64_microsoft.windows.common-controls_6595b64144ccf1df_6.0.19041.6280_none_60bc30a171f2f3f3\COMCTL32.dll
0x00007ffb3e7b0000 - 0x00007ffb3e8c9000 	C:\Windows\System32\gdi32full.dll
0x00007ffb3ebf0000 - 0x00007ffb3ec8d000 	C:\Windows\System32\msvcp_win.dll
0x00007ffb38d60000 - 0x00007ffb38d6a000 	C:\Windows\SYSTEM32\VERSION.dll
0x00007ffb410a0000 - 0x00007ffb410cf000 	C:\Windows\System32\IMM32.DLL
0x00007ffb37540000 - 0x00007ffb3754c000 	D:\JDK\bin\vcruntime140_1.dll
0x00007ffaff060000 - 0x00007ffaff0ee000 	D:\JDK\bin\msvcp140.dll
0x00007ffa55b90000 - 0x00007ffa56771000 	D:\JDK\bin\server\jvm.dll
0x00007ffb40540000 - 0x00007ffb40548000 	C:\Windows\System32\PSAPI.DLL
0x00007ffb35210000 - 0x00007ffb35237000 	C:\Windows\SYSTEM32\WINMM.dll
0x00007ffb2f080000 - 0x00007ffb2f089000 	C:\Windows\SYSTEM32\WSOCK32.dll
0x00007ffb3fb60000 - 0x00007ffb3fbcb000 	C:\Windows\System32\WS2_32.dll
0x00007ffb3cef0000 - 0x00007ffb3cf02000 	C:\Windows\SYSTEM32\kernel.appcore.dll
0x00007ffb2f6a0000 - 0x00007ffb2f6aa000 	D:\JDK\bin\jimage.dll
0x00007ffb3c010000 - 0x00007ffb3c211000 	C:\Windows\SYSTEM32\DBGHELP.DLL
0x00007ffb38440000 - 0x00007ffb38474000 	C:\Windows\SYSTEM32\dbgcore.DLL
0x00007ffb3e8d0000 - 0x00007ffb3e952000 	C:\Windows\System32\bcryptPrimitives.dll
0x00007ffb0d8e0000 - 0x00007ffb0d905000 	D:\JDK\bin\java.dll

dbghelp: loaded successfully - version: 4.0.5 - missing functions: none
symbol engine: initialized successfully - sym options: 0x614 - pdb path: .;D:\JDK\bin;C:\Windows\SYSTEM32;C:\Windows\WinSxS\amd64_microsoft.windows.common-controls_6595b64144ccf1df_6.0.19041.6280_none_60bc30a171f2f3f3;D:\JDK\bin\server

VM Arguments:
jvm_args: -XX:TieredStopAtLevel=1 
java_command: com.heritage.HeritageApplication
java_class_path (initial): g:\heritage-shop\backend\target\classes;C:\Users\chenjiahao\.m2\repository\org\springframework\boot\spring-boot\3.2.0\spring-boot-3.2.0.jar;C:\Users\chenjiahao\.m2\repository\ch\qos\logback\logback-classic\1.4.11\logback-classic-1.4.11.jar;C:\Users\chenjiahao\.m2\repository\ch\qos\logback\logback-core\1.4.11\logback-core-1.4.11.jar;C:\Users\chenjiahao\.m2\repository\org\apache\logging\log4j\log4j-to-slf4j\2.21.1\log4j-to-slf4j-2.21.1.jar;C:\Users\chenjiahao\.m2\repository\org\apache\logging\log4j\log4j-api\2.21.1\log4j-api-2.21.1.jar;C:\Users\chenjiahao\.m2\repository\org\slf4j\jul-to-slf4j\2.0.9\jul-to-slf4j-2.0.9.jar;C:\Users\chenjiahao\.m2\repository\jakarta\annotation\jakarta.annotation-api\2.1.1\jakarta.annotation-api-2.1.1.jar;C:\Users\chenjiahao\.m2\repository\org\yaml\snakeyaml\2.2\snakeyaml-2.2.jar;C:\Users\chenjiahao\.m2\repository\com\fasterxml\jackson\datatype\jackson-datatype-jdk8\2.15.3\jackson-datatype-jdk8-2.15.3.jar;C:\Users\chenjiahao\.m2\repository\com\fasterxml\jackson\datatype\jackson-datatype-jsr310\2.15.3\jackson-datatype-jsr310-2.15.3.jar;C:\Users\chenjiahao\.m2\repository\com\fasterxml\jackson\module\jackson-module-parameter-names\2.15.3\jackson-module-parameter-names-2.15.3.jar;C:\Users\chenjiahao\.m2\repository\org\apache\tomcat\embed\tomcat-embed-core\10.1.16\tomcat-embed-core-10.1.16.jar;C:\Users\chenjiahao\.m2\repository\org\apache\tomcat\embed\tomcat-embed-websocket\10.1.16\tomcat-embed-websocket-10.1.16.jar;C:\Users\chenjiahao\.m2\repository\org\springframework\spring-web\6.1.1\spring-web-6.1.1.jar;C:\Users\chenjiahao\.m2\repository\org\springframework\spring-beans\6.1.1\spring-beans-6.1.1.jar;C:\Users\chenjiahao\.m2\repository\io\micrometer\micrometer-observation\1.12.0\micrometer-observation-1.12.0.jar;C:\Users\chenjiahao\.m2\repository\io\micrometer\micrometer-commons\1.12.0\micrometer-commons-1.12.0.jar;C:\Users\chenjiahao\.m2\repository\org\springframework\spring-webmvc\6.1.1\spring-webmvc-6.1.1.jar;C
Launcher Type: SUN_STANDARD

[Global flags]
     intx CICompilerCount                          = 12                                        {product} {ergonomic}
     uint ConcGCThreads                            = 5                                         {product} {ergonomic}
     uint G1ConcRefinementThreads                  = 20                                        {product} {ergonomic}
   size_t G1HeapRegionSize                         = 8388608                                   {product} {ergonomic}
    uintx GCDrainStackTargetSize                   = 64                                        {product} {ergonomic}
   size_t InitialHeapSize                          = 1073741824                                {product} {ergonomic}
   size_t MarkStackSize                            = 4194304                                   {product} {ergonomic}
   size_t MaxHeapSize                              = 17137926144                               {product} {ergonomic}
   size_t MinHeapDeltaBytes                        = 8388608                                   {product} {ergonomic}
   size_t MinHeapSize                              = 8388608                                   {product} {ergonomic}
    uintx NonProfiledCodeHeapSize                  = 0                                      {pd product} {ergonomic}
     bool ProfileInterpreter                       = false                                  {pd product} {command line}
    uintx ProfiledCodeHeapSize                     = 0                                      {pd product} {ergonomic}
   size_t SoftMaxHeapSize                          = 17137926144                            {manageable} {ergonomic}
     intx TieredStopAtLevel                        = 1                                         {product} {command line}
     bool UseCompressedClassPointers               = true                           {product lp64_product} {ergonomic}
     bool UseCompressedOops                        = true                           {product lp64_product} {ergonomic}
     bool UseG1GC                                  = true                                      {product} {ergonomic}
     bool UseLargePagesIndividualAllocation        = false                                  {pd product} {ergonomic}

Logging:
Log output configuration:
 #0: stdout all=warning uptime,level,tags
 #1: stderr all=off uptime,level,tags

Environment Variables:
JAVA_HOME=D:\\JDK
CLASSPATH=.;D:\JDK\lib;D:\JDK\lib\tools.jar
PATH=D:\\JDK\\bin;C:\\Users\\chenjiahao\\.trae\\tools\\maven\\latest\\bin;C:\\Users\\chenjiahao\\.trae\\tools\\gradle\\latest\\bin;c:\\Users\\chenjiahao\\.trae\\sdks\\workspaces\\032ba02f\\versions\\node\\current;c:\\Users\\chenjiahao\\.trae\\sdks\\versions\\node\\current;D:\JDK\bin;C:\Users\chenjiahao\.trae\tools\maven\latest\bin;C:\Users\chenjiahao\.trae\tools\gradle\latest\bin;c:\Users\chenjiahao\.trae\sdks\workspaces\032ba02f\versions\node\current;c:\Users\chenjiahao\.trae\sdks\versions\node\current;C:\Program Files\Common Files\Oracle\Java\javapath;C:\Windows\system32;C:\Windows;C:\Windows\System32\Wbem;C:\Windows\System32\WindowsPowerShell\v1.0\;C:\Windows\System32\OpenSSH\;C:\Program Files\NVIDIA Corporation\NVIDIA app\NvDLISR;C:\Program Files (x86)\NVIDIA Corporation\PhysX\Common;D:\Git\Git\cmd;D:\JDK\bin;D:\JDK\jre\bin;D:\Android SDK\android-sdk-windows\platform-tools;D:\Android SDK\android-sdk-windows\tools;C:\Program Files\dotnet\;C:\Program Files\nodejs\;D:\cursor\resources\app\bin;C:\Program Files\Java\apache-maven-3.9.12\bin;D:\Program Files\MySQL\MySQL Server 8.0\bin;d:\Trae\bin;D:\Python313\Scripts\;D:\Python313\;C:\Users\chenjiahao\AppData\Local\Programs\Python\Launcher\;C:\Users\chenjiahao\AppData\Local\Microsoft\WindowsApps;D:\Microsoft VS Code\bin;C:\Users\chenjiahao\.dotnet\tools;C:\Users\chenjiahao\AppData\Roaming\npm;D:\cursor\resources\app\bin;C:\Program Files\Java\apache-maven-3.9.12\bin;C:\Program Files\Java\apache-maven-3.9.12\bin
USERNAME=chenjiahao
LANG=zh_CN.UTF-8
OS=Windows_NT
PROCESSOR_IDENTIFIER=Intel64 Family 6 Model 183 Stepping 1, GenuineIntel



---------------  S Y S T E M  ---------------

OS:
 Windows 10 , 64 bit Build 19041 (10.0.19041.5915)
OS uptime: 131 days 16:17 hours

CPU: total 28 (initial active 28) (14 cores per cpu, 2 threads per core) family 6 model 183 stepping 1 microcode 0x12b, cx8, cmov, fxsr, ht, mmx, 3dnowpref, sse, sse2, sse3, ssse3, sse4.1, sse4.2, popcnt, lzcnt, tsc, tscinvbit, avx, avx2, aes, erms, clmul, bmi1, bmi2, adx, sha, fma, vzeroupper, clflush, clflushopt, clwb

Memory: 4k page, system-wide physical 65366M (16518M free)
TotalPageFile size 140649M (AvailPageFile size 601M)
current process WorkingSet (physical memory assigned to process): 11M, peak: 11M
current process commit charge ("private bytes"): 81M, peak: 1105M

vm_info: Java HotSpot(TM) 64-Bit Server VM (17.0.15+9-LTS-241) for windows-amd64 JRE (17.0.15+9-LTS-241), built on Feb 20 2025 10:49:54 by "mach5one" with MS VC++ 17.6 (VS2022)

END.
